#! /c/Source/iverilog-install/bin/vvp
:ivl_version "12.0 (devel)" "(s20150603-1110-g18392a46)";
:ivl_delay_selection "TYPICAL";
:vpi_time_precision + 0;
:vpi_module "C:\iverilog\lib\ivl\system.vpi";
:vpi_module "C:\iverilog\lib\ivl\vhdl_sys.vpi";
:vpi_module "C:\iverilog\lib\ivl\vhdl_textio.vpi";
:vpi_module "C:\iverilog\lib\ivl\v2005_math.vpi";
:vpi_module "C:\iverilog\lib\ivl\va_math.vpi";
S_00000134d2117070 .scope module, "TestBench" "TestBench" 2 2;
 .timescale 0 0;
v00000134d2196b60_0 .var "Clk", 0 0;
v00000134d21959e0_0 .var "Reset", 0 0;
v00000134d2195620_0 .var "Start", 0 0;
v00000134d2195f80_0 .var/i "counter", 31 0;
v00000134d21956c0_0 .var/i "i", 31 0;
v00000134d2195120_0 .var/i "outfile", 31 0;
S_00000134d2117200 .scope module, "CPU" "CPU" 2 11, 3 1 0, S_00000134d2117070;
 .timescale 0 0;
    .port_info 0 /INPUT 1 "clk_i";
    .port_info 1 /INPUT 1 "rst_i";
    .port_info 2 /INPUT 1 "start_i";
L_00000134d2110e90 .functor BUFZ 32, v00000134d20ef7c0_0, C4<00000000000000000000000000000000>, C4<00000000000000000000000000000000>, C4<00000000000000000000000000000000>;
o00000134d213b468 .functor BUFZ 32, C4<zzzzzzzzzzzzzzzzzzzzzzzzzzzzzzzz>; HiZ drive
L_00000134d2110f00 .functor BUFZ 32, o00000134d213b468, C4<00000000000000000000000000000000>, C4<00000000000000000000000000000000>, C4<00000000000000000000000000000000>;
v00000134d218cf00_0 .net "ALUCtrl", 2 0, v00000134d20f0620_0;  1 drivers
v00000134d218c820_0 .net "ALUOp", 1 0, L_00000134d2196480;  1 drivers
v00000134d218c6e0_0 .net "ALUSrc", 0 0, L_00000134d21967a0;  1 drivers
v00000134d218cc80_0 .net "Databus1", 31 0, o00000134d213b468;  0 drivers
v00000134d218c280_0 .net "Databus2", 31 0, L_00000134d21114b0;  1 drivers
v00000134d218caa0_0 .net "Databus3", 31 0, L_00000134d2110e90;  1 drivers
v00000134d218cb40_0 .net "Op", 6 0, L_00000134d2196840;  1 drivers
v00000134d218b100_0 .net "PC_current", 31 0, v00000134d218bba0_0;  1 drivers
v00000134d218cd20_0 .net "PC_nxt", 31 0, L_00000134d2196980;  1 drivers
L_00000134d2530160 .functor BUFT 1, C4<1>, C4<0>, C4<0>, C4<0>;
v00000134d218b060_0 .net "RegWrite", 0 0, L_00000134d2530160;  1 drivers
RS_00000134d213a2f8 .resolv tri, L_00000134d2110f00, L_00000134d2110fe0;
v00000134d218b1a0_0 .net8 "alu_in1", 31 0, RS_00000134d213a2f8;  2 drivers
v00000134d218b240_0 .net "alu_in2", 31 0, L_00000134d21965c0;  1 drivers
v00000134d218b380_0 .net "alu_out", 31 0, v00000134d20ef7c0_0;  1 drivers
v00000134d2196a20_0 .net "clk_i", 0 0, v00000134d2196b60_0;  1 drivers
v00000134d2196700_0 .net "func3", 2 0, L_00000134d2196020;  1 drivers
v00000134d21962a0_0 .net "func7", 6 0, L_00000134d2196340;  1 drivers
v00000134d21958a0_0 .net "imme", 31 0, L_00000134d2195760;  1 drivers
v00000134d2196c00_0 .net "imme_12bit", 11 0, L_00000134d21963e0;  1 drivers
v00000134d2196660_0 .net "instruction", 31 0, L_00000134d21113d0;  1 drivers
v00000134d2196160_0 .net "rd", 4 0, L_00000134d2195e40;  1 drivers
v00000134d2196ac0_0 .net "rs1", 4 0, L_00000134d2195800;  1 drivers
v00000134d2196200_0 .net "rs2", 4 0, L_00000134d2196520;  1 drivers
v00000134d2195b20_0 .net "rst_i", 0 0, v00000134d21959e0_0;  1 drivers
v00000134d2195080_0 .net "start_i", 0 0, v00000134d2195620_0;  1 drivers
L_00000134d2196840 .part L_00000134d21113d0, 0, 7;
L_00000134d2195e40 .part L_00000134d21113d0, 7, 5;
L_00000134d2196020 .part L_00000134d21113d0, 12, 3;
L_00000134d2195800 .part L_00000134d21113d0, 15, 5;
L_00000134d2196520 .part L_00000134d21113d0, 20, 5;
L_00000134d2196340 .part L_00000134d21113d0, 25, 7;
L_00000134d21963e0 .part L_00000134d21113d0, 20, 12;
S_00000134d2117390 .scope module, "ALU" "ALU" 3 113, 4 1 0, S_00000134d2117200;
 .timescale 0 0;
    .port_info 0 /INPUT 32 "data1_i";
    .port_info 1 /INPUT 32 "data2_i";
    .port_info 2 /INPUT 3 "ALUCtrl_i";
    .port_info 3 /OUTPUT 32 "data_o";
    .port_info 4 /OUTPUT 1 "Zero_o";
v00000134d20eff40_0 .net "ALUCtrl_i", 2 0, v00000134d20f0620_0;  alias, 1 drivers
o00000134d213a2c8 .functor BUFZ 1, C4<z>; HiZ drive
v00000134d20f0260_0 .net "Zero_o", 0 0, o00000134d213a2c8;  0 drivers
v00000134d20f0440_0 .net8 "data1_i", 31 0, RS_00000134d213a2f8;  alias, 2 drivers
v00000134d20eedc0_0 .net "data2_i", 31 0, L_00000134d21965c0;  alias, 1 drivers
v00000134d20ef7c0_0 .var "data_o", 31 0;
E_00000134d21306a0 .event anyedge, v00000134d20eff40_0, v00000134d20f0440_0, v00000134d20eedc0_0;
S_00000134d2113370 .scope module, "ALU_Control" "ALU_Control" 3 123, 5 1 0, S_00000134d2117200;
 .timescale 0 0;
    .port_info 0 /INPUT 7 "funct7_i";
    .port_info 1 /INPUT 3 "funct3_i";
    .port_info 2 /INPUT 2 "ALUOp_i";
    .port_info 3 /OUTPUT 3 "ALUCtrl_o";
v00000134d20f0620_0 .var "ALUCtrl_o", 2 0;
v00000134d20f03a0_0 .net "ALUOp_i", 1 0, L_00000134d2196480;  alias, 1 drivers
v00000134d20f06c0_0 .net "funct3_i", 2 0, L_00000134d2196020;  alias, 1 drivers
v00000134d20efae0_0 .net "funct7_i", 6 0, L_00000134d2196340;  alias, 1 drivers
E_00000134d2130e20 .event anyedge, v00000134d20efae0_0, v00000134d20f03a0_0, v00000134d20f06c0_0;
S_00000134d2113500 .scope module, "Add_PC" "Adder" 3 64, 6 1 0, S_00000134d2117200;
 .timescale 0 0;
    .port_info 0 /INPUT 32 "data1_in";
    .port_info 1 /INPUT 1 "data2_in";
    .port_info 2 /OUTPUT 32 "data_o";
L_00000134d2530280 .functor BUFT 1, C4<00000000000000000000000000000100>, C4<0>, C4<0>, C4<0>;
v00000134d20f0760_0 .net/2u *"_ivl_0", 31 0, L_00000134d2530280;  1 drivers
v00000134d20ef400_0 .net "data1_in", 31 0, v00000134d218bba0_0;  alias, 1 drivers
o00000134d213a628 .functor BUFZ 1, C4<z>; HiZ drive
v00000134d20ef4a0_0 .net "data2_in", 0 0, o00000134d213a628;  0 drivers
v00000134d20efea0_0 .net "data_o", 31 0, L_00000134d2196980;  alias, 1 drivers
L_00000134d2196980 .arith/sum 32, v00000134d218bba0_0, L_00000134d2530280;
S_00000134d2113690 .scope module, "Control" "Control" 3 55, 7 1 0, S_00000134d2117200;
 .timescale 0 0;
    .port_info 0 /OUTPUT 2 "ALUOp_o";
    .port_info 1 /OUTPUT 1 "ALUSrc_o";
    .port_info 2 /OUTPUT 1 "RegWrite_o";
    .port_info 3 /INPUT 7 "Op_i";
v00000134d20eefa0_0 .net "ALUOp_o", 1 0, L_00000134d2196480;  alias, 1 drivers
v00000134d20f01c0_0 .net "ALUSrc_o", 0 0, L_00000134d21967a0;  alias, 1 drivers
v00000134d20f08a0_0 .net "Op_i", 6 0, L_00000134d2196840;  alias, 1 drivers
v00000134d20ef5e0_0 .net "RegWrite_o", 0 0, L_00000134d2530160;  alias, 1 drivers
L_00000134d2530088 .functor BUFT 1, C4<0010011>, C4<0>, C4<0>, C4<0>;
v00000134d20eee60_0 .net/2u *"_ivl_0", 6 0, L_00000134d2530088;  1 drivers
L_00000134d25301a8 .functor BUFT 1, C4<0010011>, C4<0>, C4<0>, C4<0>;
v00000134d20ef860_0 .net/2u *"_ivl_14", 6 0, L_00000134d25301a8;  1 drivers
v00000134d20ef900_0 .net *"_ivl_16", 0 0, L_00000134d2195a80;  1 drivers
L_00000134d25301f0 .functor BUFT 1, C4<10>, C4<0>, C4<0>, C4<0>;
v00000134d20f0940_0 .net/2u *"_ivl_18", 1 0, L_00000134d25301f0;  1 drivers
v00000134d20eef00_0 .net *"_ivl_2", 0 0, L_00000134d2196e80;  1 drivers
L_00000134d2530238 .functor BUFT 1, C4<00>, C4<0>, C4<0>, C4<0>;
v00000134d20efb80_0 .net/2u *"_ivl_20", 1 0, L_00000134d2530238;  1 drivers
L_00000134d25300d0 .functor BUFT 1, C4<01>, C4<0>, C4<0>, C4<0>;
v00000134d20efc20_0 .net/2s *"_ivl_4", 1 0, L_00000134d25300d0;  1 drivers
L_00000134d2530118 .functor BUFT 1, C4<00>, C4<0>, C4<0>, C4<0>;
v00000134d20f09e0_0 .net/2s *"_ivl_6", 1 0, L_00000134d2530118;  1 drivers
v00000134d20efcc0_0 .net *"_ivl_8", 1 0, L_00000134d21951c0;  1 drivers
L_00000134d2196e80 .cmp/eq 7, L_00000134d2196840, L_00000134d2530088;
L_00000134d21951c0 .functor MUXZ 2, L_00000134d2530118, L_00000134d25300d0, L_00000134d2196e80, C4<>;
L_00000134d21967a0 .part L_00000134d21951c0, 0, 1;
L_00000134d2195a80 .cmp/eq 7, L_00000134d2196840, L_00000134d25301a8;
L_00000134d2196480 .functor MUXZ 2, L_00000134d2530238, L_00000134d25301f0, L_00000134d2195a80, C4<>;
S_00000134d210f180 .scope module, "Instruction_Memory" "Instruction_Memory" 3 79, 8 1 0, S_00000134d2117200;
 .timescale 0 0;
    .port_info 0 /INPUT 32 "addr_i";
    .port_info 1 /OUTPUT 32 "instr_o";
L_00000134d21113d0 .functor BUFZ 32, L_00000134d21954e0, C4<00000000000000000000000000000000>, C4<00000000000000000000000000000000>, C4<00000000000000000000000000000000>;
v00000134d20f0a80_0 .net *"_ivl_0", 31 0, L_00000134d21954e0;  1 drivers
v00000134d20ef040_0 .net *"_ivl_2", 31 0, L_00000134d21968e0;  1 drivers
v00000134d20efd60_0 .net *"_ivl_4", 29 0, L_00000134d2196ca0;  1 drivers
L_00000134d25302c8 .functor BUFT 1, C4<00>, C4<0>, C4<0>, C4<0>;
v00000134d20f0b20_0 .net *"_ivl_6", 1 0, L_00000134d25302c8;  1 drivers
v00000134d20ef0e0_0 .net "addr_i", 31 0, v00000134d218bba0_0;  alias, 1 drivers
v00000134d20efe00_0 .net "instr_o", 31 0, L_00000134d21113d0;  alias, 1 drivers
v00000134d20ef680 .array "memory", 255 0, 31 0;
L_00000134d21954e0 .array/port v00000134d20ef680, L_00000134d21968e0;
L_00000134d2196ca0 .part v00000134d218bba0_0, 2, 30;
L_00000134d21968e0 .concat [ 30 2 0 0], L_00000134d2196ca0, L_00000134d25302c8;
S_00000134d210f310 .scope module, "MUX_ALUSrc" "MUX32" 3 96, 9 1 0, S_00000134d2117200;
 .timescale 0 0;
    .port_info 0 /INPUT 32 "data1_i";
    .port_info 1 /INPUT 32 "data2_i";
    .port_info 2 /INPUT 1 "select_i";
    .port_info 3 /OUTPUT 32 "data_o";
v00000134d20f0bc0_0 .net *"_ivl_0", 31 0, L_00000134d2196de0;  1 drivers
L_00000134d25303a0 .functor BUFT 1, C4<0000000000000000000000000000000>, C4<0>, C4<0>, C4<0>;
v00000134d20ef9a0_0 .net *"_ivl_3", 30 0, L_00000134d25303a0;  1 drivers
L_00000134d25303e8 .functor BUFT 1, C4<00000000000000000000000000000001>, C4<0>, C4<0>, C4<0>;
v00000134d20efa40_0 .net/2u *"_ivl_4", 31 0, L_00000134d25303e8;  1 drivers
v00000134d218b420_0 .net *"_ivl_6", 0 0, L_00000134d2195580;  1 drivers
v00000134d218c140_0 .net "data1_i", 31 0, L_00000134d21114b0;  alias, 1 drivers
v00000134d218b4c0_0 .net "data2_i", 31 0, L_00000134d2195760;  alias, 1 drivers
v00000134d218b9c0_0 .net "data_o", 31 0, L_00000134d21965c0;  alias, 1 drivers
v00000134d218c500_0 .net "select_i", 0 0, L_00000134d21967a0;  alias, 1 drivers
L_00000134d2196de0 .concat [ 1 31 0 0], L_00000134d21967a0, L_00000134d25303a0;
L_00000134d2195580 .cmp/eq 32, L_00000134d2196de0, L_00000134d25303e8;
L_00000134d21965c0 .functor MUXZ 32, L_00000134d21114b0, L_00000134d2195760, L_00000134d2195580, C4<>;
S_00000134d210f4a0 .scope module, "PC" "PC" 3 71, 10 1 0, S_00000134d2117200;
 .timescale 0 0;
    .port_info 0 /INPUT 1 "clk_i";
    .port_info 1 /INPUT 1 "rst_i";
    .port_info 2 /INPUT 1 "start_i";
    .port_info 3 /INPUT 32 "pc_i";
    .port_info 4 /OUTPUT 32 "pc_o";
v00000134d218b7e0_0 .net "clk_i", 0 0, v00000134d2196b60_0;  alias, 1 drivers
v00000134d218cdc0_0 .net "pc_i", 31 0, L_00000134d2196980;  alias, 1 drivers
v00000134d218bba0_0 .var "pc_o", 31 0;
v00000134d218cbe0_0 .net "rst_i", 0 0, v00000134d21959e0_0;  alias, 1 drivers
v00000134d218c460_0 .net "start_i", 0 0, v00000134d2195620_0;  alias, 1 drivers
E_00000134d21307e0/0 .event negedge, v00000134d218cbe0_0;
E_00000134d21307e0/1 .event posedge, v00000134d218b7e0_0;
E_00000134d21307e0 .event/or E_00000134d21307e0/0, E_00000134d21307e0/1;
S_00000134d210c130 .scope module, "Registers" "Registers" 3 84, 11 1 0, S_00000134d2117200;
 .timescale 0 0;
    .port_info 0 /INPUT 1 "clk_i";
    .port_info 1 /INPUT 5 "RS1addr_i";
    .port_info 2 /INPUT 5 "RS2addr_i";
    .port_info 3 /INPUT 5 "RDaddr_i";
    .port_info 4 /INPUT 32 "RDdata_i";
    .port_info 5 /INPUT 1 "RegWrite_i";
    .port_info 6 /OUTPUT 32 "RS1data_o";
    .port_info 7 /OUTPUT 32 "RS2data_o";
L_00000134d2110fe0 .functor BUFZ 32, L_00000134d2195940, C4<00000000000000000000000000000000>, C4<00000000000000000000000000000000>, C4<00000000000000000000000000000000>;
L_00000134d21114b0 .functor BUFZ 32, L_00000134d2196d40, C4<00000000000000000000000000000000>, C4<00000000000000000000000000000000>, C4<00000000000000000000000000000000>;
v00000134d218c320_0 .net "RDaddr_i", 4 0, L_00000134d2195e40;  alias, 1 drivers
v00000134d218b6a0_0 .net "RDdata_i", 31 0, v00000134d20ef7c0_0;  alias, 1 drivers
v00000134d218b560_0 .net "RS1addr_i", 4 0, L_00000134d2195800;  alias, 1 drivers
v00000134d218c1e0_0 .net8 "RS1data_o", 31 0, RS_00000134d213a2f8;  alias, 2 drivers
v00000134d218bec0_0 .net "RS2addr_i", 4 0, L_00000134d2196520;  alias, 1 drivers
v00000134d218c5a0_0 .net "RS2data_o", 31 0, L_00000134d21114b0;  alias, 1 drivers
v00000134d218c780_0 .net "RegWrite_i", 0 0, L_00000134d2530160;  alias, 1 drivers
v00000134d218bf60_0 .net *"_ivl_0", 31 0, L_00000134d2195940;  1 drivers
v00000134d218c3c0_0 .net *"_ivl_10", 6 0, L_00000134d2195260;  1 drivers
L_00000134d2530358 .functor BUFT 1, C4<00>, C4<0>, C4<0>, C4<0>;
v00000134d218c000_0 .net *"_ivl_13", 1 0, L_00000134d2530358;  1 drivers
v00000134d218b880_0 .net *"_ivl_2", 6 0, L_00000134d2195bc0;  1 drivers
L_00000134d2530310 .functor BUFT 1, C4<00>, C4<0>, C4<0>, C4<0>;
v00000134d218b920_0 .net *"_ivl_5", 1 0, L_00000134d2530310;  1 drivers
v00000134d218b600_0 .net *"_ivl_8", 31 0, L_00000134d2196d40;  1 drivers
v00000134d218b740_0 .net "clk_i", 0 0, v00000134d2196b60_0;  alias, 1 drivers
v00000134d218bc40 .array/s "register", 31 0, 31 0;
E_00000134d2130820 .event posedge, v00000134d218b7e0_0;
L_00000134d2195940 .array/port v00000134d218bc40, L_00000134d2195bc0;
L_00000134d2195bc0 .concat [ 5 2 0 0], L_00000134d2195800, L_00000134d2530310;
L_00000134d2196d40 .array/port v00000134d218bc40, L_00000134d2195260;
L_00000134d2195260 .concat [ 5 2 0 0], L_00000134d2196520, L_00000134d2530358;
S_00000134d210c2c0 .scope module, "Sign_Extend" "Sign_Extend" 3 105, 12 1 0, S_00000134d2117200;
 .timescale 0 0;
    .port_info 0 /INPUT 12 "data_i";
    .port_info 1 /INPUT 3 "funct3_i";
    .port_info 2 /OUTPUT 32 "data_o";
L_00000134d2530430 .functor BUFT 1, C4<101>, C4<0>, C4<0>, C4<0>;
v00000134d218bb00_0 .net/2u *"_ivl_0", 2 0, L_00000134d2530430;  1 drivers
v00000134d218b2e0_0 .net *"_ivl_10", 31 0, L_00000134d21953a0;  1 drivers
v00000134d218ca00_0 .net *"_ivl_13", 0 0, L_00000134d2195da0;  1 drivers
v00000134d218bce0_0 .net *"_ivl_14", 19 0, L_00000134d2195440;  1 drivers
v00000134d218c640_0 .net *"_ivl_16", 31 0, L_00000134d2195ee0;  1 drivers
v00000134d218ba60_0 .net *"_ivl_2", 0 0, L_00000134d2196f20;  1 drivers
v00000134d218c960_0 .net *"_ivl_5", 0 0, L_00000134d2195c60;  1 drivers
v00000134d218ce60_0 .net *"_ivl_6", 26 0, L_00000134d2195300;  1 drivers
v00000134d218bd80_0 .net *"_ivl_9", 4 0, L_00000134d2195d00;  1 drivers
v00000134d218c0a0_0 .net "data_i", 11 0, L_00000134d21963e0;  alias, 1 drivers
v00000134d218c8c0_0 .net "data_o", 31 0, L_00000134d2195760;  alias, 1 drivers
v00000134d218be20_0 .net "funct3_i", 2 0, L_00000134d2196020;  alias, 1 drivers
L_00000134d2196f20 .cmp/eq 3, L_00000134d2196020, L_00000134d2530430;
L_00000134d2195c60 .part L_00000134d21963e0, 4, 1;
LS_00000134d2195300_0_0 .concat [ 1 1 1 1], L_00000134d2195c60, L_00000134d2195c60, L_00000134d2195c60, L_00000134d2195c60;
LS_00000134d2195300_0_4 .concat [ 1 1 1 1], L_00000134d2195c60, L_00000134d2195c60, L_00000134d2195c60, L_00000134d2195c60;
LS_00000134d2195300_0_8 .concat [ 1 1 1 1], L_00000134d2195c60, L_00000134d2195c60, L_00000134d2195c60, L_00000134d2195c60;
LS_00000134d2195300_0_12 .concat [ 1 1 1 1], L_00000134d2195c60, L_00000134d2195c60, L_00000134d2195c60, L_00000134d2195c60;
LS_00000134d2195300_0_16 .concat [ 1 1 1 1], L_00000134d2195c60, L_00000134d2195c60, L_00000134d2195c60, L_00000134d2195c60;
LS_00000134d2195300_0_20 .concat [ 1 1 1 1], L_00000134d2195c60, L_00000134d2195c60, L_00000134d2195c60, L_00000134d2195c60;
LS_00000134d2195300_0_24 .concat [ 1 1 1 0], L_00000134d2195c60, L_00000134d2195c60, L_00000134d2195c60;
LS_00000134d2195300_1_0 .concat [ 4 4 4 4], LS_00000134d2195300_0_0, LS_00000134d2195300_0_4, LS_00000134d2195300_0_8, LS_00000134d2195300_0_12;
LS_00000134d2195300_1_4 .concat [ 4 4 3 0], LS_00000134d2195300_0_16, LS_00000134d2195300_0_20, LS_00000134d2195300_0_24;
L_00000134d2195300 .concat [ 16 11 0 0], LS_00000134d2195300_1_0, LS_00000134d2195300_1_4;
L_00000134d2195d00 .part L_00000134d21963e0, 0, 5;
L_00000134d21953a0 .concat [ 5 27 0 0], L_00000134d2195d00, L_00000134d2195300;
L_00000134d2195da0 .part L_00000134d21963e0, 11, 1;
LS_00000134d2195440_0_0 .concat [ 1 1 1 1], L_00000134d2195da0, L_00000134d2195da0, L_00000134d2195da0, L_00000134d2195da0;
LS_00000134d2195440_0_4 .concat [ 1 1 1 1], L_00000134d2195da0, L_00000134d2195da0, L_00000134d2195da0, L_00000134d2195da0;
LS_00000134d2195440_0_8 .concat [ 1 1 1 1], L_00000134d2195da0, L_00000134d2195da0, L_00000134d2195da0, L_00000134d2195da0;
LS_00000134d2195440_0_12 .concat [ 1 1 1 1], L_00000134d2195da0, L_00000134d2195da0, L_00000134d2195da0, L_00000134d2195da0;
LS_00000134d2195440_0_16 .concat [ 1 1 1 1], L_00000134d2195da0, L_00000134d2195da0, L_00000134d2195da0, L_00000134d2195da0;
LS_00000134d2195440_1_0 .concat [ 4 4 4 4], LS_00000134d2195440_0_0, LS_00000134d2195440_0_4, LS_00000134d2195440_0_8, LS_00000134d2195440_0_12;
LS_00000134d2195440_1_4 .concat [ 4 0 0 0], LS_00000134d2195440_0_16;
L_00000134d2195440 .concat [ 16 4 0 0], LS_00000134d2195440_1_0, LS_00000134d2195440_1_4;
L_00000134d2195ee0 .concat [ 12 20 0 0], L_00000134d21963e0, L_00000134d2195440;
L_00000134d2195760 .functor MUXZ 32, L_00000134d2195ee0, L_00000134d21953a0, L_00000134d2196f20, C4<>;
    .scope S_00000134d210f4a0;
T_0 ;
    %wait E_00000134d21307e0;
    %load/vec4 v00000134d218cbe0_0;
    %inv;
    %flag_set/vec4 8;
    %jmp/0xz  T_0.0, 8;
    %pushi/vec4 0, 0, 32;
    %assign/vec4 v00000134d218bba0_0, 0;
    %jmp T_0.1;
T_0.0 ;
    %load/vec4 v00000134d218c460_0;
    %flag_set/vec4 8;
    %jmp/0xz  T_0.2, 8;
    %load/vec4 v00000134d218cdc0_0;
    %assign/vec4 v00000134d218bba0_0, 0;
    %jmp T_0.3;
T_0.2 ;
    %load/vec4 v00000134d218bba0_0;
    %assign/vec4 v00000134d218bba0_0, 0;
T_0.3 ;
T_0.1 ;
    %jmp T_0;
    .thread T_0;
    .scope S_00000134d210c130;
T_1 ;
    %wait E_00000134d2130820;
    %load/vec4 v00000134d218c780_0;
    %flag_set/vec4 8;
    %jmp/0xz  T_1.0, 8;
    %load/vec4 v00000134d218b6a0_0;
    %load/vec4 v00000134d218c320_0;
    %pad/u 7;
    %ix/vec4 3;
    %ix/load 4, 0, 0; Constant delay
    %assign/vec4/a/d v00000134d218bc40, 0, 4;
T_1.0 ;
    %jmp T_1;
    .thread T_1;
    .scope S_00000134d2117390;
T_2 ;
    %wait E_00000134d21306a0;
    %load/vec4 v00000134d20eff40_0;
    %dup/vec4;
    %pushi/vec4 0, 0, 3;
    %cmp/u;
    %jmp/1 T_2.0, 6;
    %dup/vec4;
    %pushi/vec4 1, 0, 3;
    %cmp/u;
    %jmp/1 T_2.1, 6;
    %dup/vec4;
    %pushi/vec4 2, 0, 3;
    %cmp/u;
    %jmp/1 T_2.2, 6;
    %dup/vec4;
    %pushi/vec4 4, 0, 3;
    %cmp/u;
    %jmp/1 T_2.3, 6;
    %dup/vec4;
    %pushi/vec4 3, 0, 3;
    %cmp/u;
    %jmp/1 T_2.4, 6;
    %dup/vec4;
    %pushi/vec4 5, 0, 3;
    %cmp/u;
    %jmp/1 T_2.5, 6;
    %dup/vec4;
    %pushi/vec4 6, 0, 3;
    %cmp/u;
    %jmp/1 T_2.6, 6;
    %pushi/vec4 0, 0, 32;
    %store/vec4 v00000134d20ef7c0_0, 0, 32;
    %jmp T_2.8;
T_2.0 ;
    %load/vec4 v00000134d20f0440_0;
    %load/vec4 v00000134d20eedc0_0;
    %mul;
    %store/vec4 v00000134d20ef7c0_0, 0, 32;
    %jmp T_2.8;
T_2.1 ;
    %load/vec4 v00000134d20f0440_0;
    %load/vec4 v00000134d20eedc0_0;
    %sub;
    %store/vec4 v00000134d20ef7c0_0, 0, 32;
    %jmp T_2.8;
T_2.2 ;
    %load/vec4 v00000134d20f0440_0;
    %ix/getv 4, v00000134d20eedc0_0;
    %shiftr 4;
    %store/vec4 v00000134d20ef7c0_0, 0, 32;
    %jmp T_2.8;
T_2.3 ;
    %load/vec4 v00000134d20f0440_0;
    %load/vec4 v00000134d20eedc0_0;
    %add;
    %store/vec4 v00000134d20ef7c0_0, 0, 32;
    %jmp T_2.8;
T_2.4 ;
    %load/vec4 v00000134d20f0440_0;
    %load/vec4 v00000134d20eedc0_0;
    %and;
    %store/vec4 v00000134d20ef7c0_0, 0, 32;
    %jmp T_2.8;
T_2.5 ;
    %load/vec4 v00000134d20f0440_0;
    %load/vec4 v00000134d20eedc0_0;
    %xor;
    %store/vec4 v00000134d20ef7c0_0, 0, 32;
    %jmp T_2.8;
T_2.6 ;
    %load/vec4 v00000134d20f0440_0;
    %ix/getv 4, v00000134d20eedc0_0;
    %shiftl 4;
    %store/vec4 v00000134d20ef7c0_0, 0, 32;
    %jmp T_2.8;
T_2.8 ;
    %pop/vec4 1;
    %jmp T_2;
    .thread T_2, $push;
    .scope S_00000134d2113370;
T_3 ;
    %wait E_00000134d2130e20;
    %load/vec4 v00000134d20efae0_0;
    %pushi/vec4 1, 0, 7;
    %cmp/e;
    %flag_get/vec4 4;
    %load/vec4 v00000134d20f03a0_0;
    %pushi/vec4 0, 0, 2;
    %cmp/e;
    %flag_get/vec4 4;
    %and;
    %flag_set/vec4 8;
    %jmp/0xz  T_3.0, 8;
    %pushi/vec4 0, 0, 3;
    %store/vec4 v00000134d20f0620_0, 0, 3;
    %jmp T_3.1;
T_3.0 ;
    %load/vec4 v00000134d20efae0_0;
    %pushi/vec4 32, 0, 7;
    %cmp/e;
    %flag_get/vec4 4;
    %load/vec4 v00000134d20f06c0_0;
    %pushi/vec4 0, 0, 3;
    %cmp/e;
    %flag_get/vec4 4;
    %and;
    %load/vec4 v00000134d20f03a0_0;
    %pushi/vec4 0, 0, 2;
    %cmp/e;
    %flag_get/vec4 4;
    %and;
    %flag_set/vec4 8;
    %jmp/0xz  T_3.2, 8;
    %pushi/vec4 1, 0, 3;
    %store/vec4 v00000134d20f0620_0, 0, 3;
    %jmp T_3.3;
T_3.2 ;
    %load/vec4 v00000134d20efae0_0;
    %pushi/vec4 32, 0, 7;
    %cmp/e;
    %flag_get/vec4 4;
    %load/vec4 v00000134d20f06c0_0;
    %pushi/vec4 5, 0, 3;
    %cmp/e;
    %flag_get/vec4 4;
    %and;
    %flag_set/vec4 8;
    %jmp/0xz  T_3.4, 8;
    %pushi/vec4 2, 0, 3;
    %store/vec4 v00000134d20f0620_0, 0, 3;
    %jmp T_3.5;
T_3.4 ;
    %load/vec4 v00000134d20f06c0_0;
    %pushi/vec4 0, 0, 3;
    %cmp/e;
    %flag_get/vec4 4;
    %load/vec4 v00000134d20efae0_0;
    %pushi/vec4 0, 0, 7;
    %cmp/e;
    %flag_get/vec4 4;
    %load/vec4 v00000134d20f03a0_0;
    %pushi/vec4 2, 0, 2;
    %cmp/e;
    %flag_get/vec4 4;
    %or;
    %and;
    %flag_set/vec4 8;
    %jmp/0xz  T_3.6, 8;
    %pushi/vec4 4, 0, 3;
    %store/vec4 v00000134d20f0620_0, 0, 3;
    %jmp T_3.7;
T_3.6 ;
    %load/vec4 v00000134d20efae0_0;
    %pushi/vec4 0, 0, 7;
    %cmp/e;
    %flag_get/vec4 4;
    %load/vec4 v00000134d20f06c0_0;
    %pushi/vec4 7, 0, 3;
    %cmp/e;
    %flag_get/vec4 4;
    %and;
    %flag_set/vec4 8;
    %jmp/0xz  T_3.8, 8;
    %pushi/vec4 3, 0, 3;
    %store/vec4 v00000134d20f0620_0, 0, 3;
    %jmp T_3.9;
T_3.8 ;
    %load/vec4 v00000134d20efae0_0;
    %pushi/vec4 0, 0, 7;
    %cmp/e;
    %flag_get/vec4 4;
    %load/vec4 v00000134d20f06c0_0;
    %pushi/vec4 4, 0, 3;
    %cmp/e;
    %flag_get/vec4 4;
    %and;
    %flag_set/vec4 8;
    %jmp/0xz  T_3.10, 8;
    %pushi/vec4 5, 0, 3;
    %store/vec4 v00000134d20f0620_0, 0, 3;
    %jmp T_3.11;
T_3.10 ;
    %load/vec4 v00000134d20efae0_0;
    %pushi/vec4 0, 0, 7;
    %cmp/e;
    %flag_get/vec4 4;
    %load/vec4 v00000134d20f06c0_0;
    %pushi/vec4 1, 0, 3;
    %cmp/e;
    %flag_get/vec4 4;
    %and;
    %flag_set/vec4 8;
    %jmp/0xz  T_3.12, 8;
    %pushi/vec4 6, 0, 3;
    %store/vec4 v00000134d20f0620_0, 0, 3;
T_3.12 ;
T_3.11 ;
T_3.9 ;
T_3.7 ;
T_3.5 ;
T_3.3 ;
T_3.1 ;
    %jmp T_3;
    .thread T_3, $push;
    .scope S_00000134d2117070;
T_4 ;
    %delay 25, 0;
    %load/vec4 v00000134d2196b60_0;
    %inv;
    %store/vec4 v00000134d2196b60_0, 0, 1;
    %jmp T_4;
    .thread T_4;
    .scope S_00000134d2117070;
T_5 ;
    %pushi/vec4 0, 0, 32;
    %store/vec4 v00000134d2195f80_0, 0, 32;
    %vpi_call 2 19 "$dumpfile", "testbench.vcd" {0 0 0};
    %vpi_call 2 20 "$dumpvars" {0 0 0};
    %pushi/vec4 0, 0, 32;
    %store/vec4 v00000134d21956c0_0, 0, 32;
T_5.0 ;
    %load/vec4 v00000134d21956c0_0;
    %cmpi/s 256, 0, 32;
    %jmp/0xz T_5.1, 5;
    %pushi/vec4 0, 0, 32;
    %ix/getv/s 4, v00000134d21956c0_0;
    %store/vec4a v00000134d20ef680, 4, 0;
    %load/vec4 v00000134d21956c0_0;
    %addi 1, 0, 32;
    %store/vec4 v00000134d21956c0_0, 0, 32;
    %jmp T_5.0;
T_5.1 ;
    %pushi/vec4 0, 0, 32;
    %store/vec4 v00000134d21956c0_0, 0, 32;
T_5.2 ;
    %load/vec4 v00000134d21956c0_0;
    %cmpi/s 32, 0, 32;
    %jmp/0xz T_5.3, 5;
    %pushi/vec4 0, 0, 32;
    %ix/getv/s 4, v00000134d21956c0_0;
    %store/vec4a v00000134d218bc40, 4, 0;
    %load/vec4 v00000134d21956c0_0;
    %addi 1, 0, 32;
    %store/vec4 v00000134d21956c0_0, 0, 32;
    %jmp T_5.2;
T_5.3 ;
    %vpi_call 2 33 "$readmemb", "instruction.txt", v00000134d20ef680 {0 0 0};
    %vpi_func 2 36 "$fopen" 32, "output.txt" {0 0 0};
    %pushi/vec4 1, 0, 32;
    %or;
    %store/vec4 v00000134d2195120_0, 0, 32;
    %pushi/vec4 0, 0, 1;
    %store/vec4 v00000134d2196b60_0, 0, 1;
    %pushi/vec4 0, 0, 1;
    %store/vec4 v00000134d21959e0_0, 0, 1;
    %pushi/vec4 0, 0, 1;
    %store/vec4 v00000134d2195620_0, 0, 1;
    %delay 12, 0;
    %pushi/vec4 1, 0, 1;
    %store/vec4 v00000134d21959e0_0, 0, 1;
    %pushi/vec4 1, 0, 1;
    %store/vec4 v00000134d2195620_0, 0, 1;
    %end;
    .thread T_5;
    .scope S_00000134d2117070;
T_6 ;
    %wait E_00000134d2130820;
    %load/vec4 v00000134d2195f80_0;
    %cmpi/e 30, 0, 32;
    %jmp/0xz  T_6.0, 4;
    %vpi_call 2 51 "$finish" {0 0 0};
T_6.0 ;
    %vpi_call 2 54 "$fdisplay", v00000134d2195120_0, "PC = %d", v00000134d218bba0_0 {0 0 0};
    %vpi_call 2 57 "$fdisplay", v00000134d2195120_0, "Registers" {0 0 0};
    %vpi_call 2 58 "$fdisplay", v00000134d2195120_0, "x0     = %d, x8(s0)  = %d, x16(a6) = %d, x24(s8)  = %d", &A<v00000134d218bc40, 0>, &A<v00000134d218bc40, 8>, &A<v00000134d218bc40, 16>, &A<v00000134d218bc40, 24> {0 0 0};
    %vpi_call 2 59 "$fdisplay", v00000134d2195120_0, "x1(ra) = %d, x9(s1)  = %d, x17(a7) = %d, x25(s9)  = %d", &A<v00000134d218bc40, 1>, &A<v00000134d218bc40, 9>, &A<v00000134d218bc40, 17>, &A<v00000134d218bc40, 25> {0 0 0};
    %vpi_call 2 60 "$fdisplay", v00000134d2195120_0, "x2(sp) = %d, x10(a0) = %d, x18(s2) = %d, x26(s10) = %d", &A<v00000134d218bc40, 2>, &A<v00000134d218bc40, 10>, &A<v00000134d218bc40, 18>, &A<v00000134d218bc40, 26> {0 0 0};
    %vpi_call 2 61 "$fdisplay", v00000134d2195120_0, "x3(gp) = %d, x11(a1) = %d, x19(s3) = %d, x27(s11) = %d", &A<v00000134d218bc40, 3>, &A<v00000134d218bc40, 11>, &A<v00000134d218bc40, 19>, &A<v00000134d218bc40, 27> {0 0 0};
    %vpi_call 2 62 "$fdisplay", v00000134d2195120_0, "x4(tp) = %d, x12(a2) = %d, x20(s4) = %d, x28(t3)  = %d", &A<v00000134d218bc40, 4>, &A<v00000134d218bc40, 12>, &A<v00000134d218bc40, 20>, &A<v00000134d218bc40, 28> {0 0 0};
    %vpi_call 2 63 "$fdisplay", v00000134d2195120_0, "x5(t0) = %d, x13(a3) = %d, x21(s5) = %d, x29(t4)  = %d", &A<v00000134d218bc40, 5>, &A<v00000134d218bc40, 13>, &A<v00000134d218bc40, 21>, &A<v00000134d218bc40, 29> {0 0 0};
    %vpi_call 2 64 "$fdisplay", v00000134d2195120_0, "x6(t1) = %d, x14(a4) = %d, x22(s6) = %d, x30(t5)  = %d", &A<v00000134d218bc40, 6>, &A<v00000134d218bc40, 14>, &A<v00000134d218bc40, 22>, &A<v00000134d218bc40, 30> {0 0 0};
    %vpi_call 2 65 "$fdisplay", v00000134d2195120_0, "x7(t2) = %d, x15(a5) = %d, x23(s7) = %d, x31(t6)  = %d", &A<v00000134d218bc40, 7>, &A<v00000134d218bc40, 15>, &A<v00000134d218bc40, 23>, &A<v00000134d218bc40, 31> {0 0 0};
    %vpi_call 2 67 "$fdisplay", v00000134d2195120_0, "\012" {0 0 0};
    %load/vec4 v00000134d2195f80_0;
    %addi 1, 0, 32;
    %store/vec4 v00000134d2195f80_0, 0, 32;
    %jmp T_6;
    .thread T_6;
# The file index is used to find the file name in the following table.
:file_names 13;
    "N/A";
    "<interactive>";
    "testbench.v";
    "CPU.v";
    "ALU.v";
    "ALU_Control.v";
    "Adder.v";
    "Control.v";
    "Instruction_Memory.v";
    "MUX32.v";
    "PC.v";
    "Registers.v";
    "Sign_Extend.v";
